<?xml version="1.0" encoding="UTF-8" ?>
<testsuites>
  <testsuite errors="0" failures="0" hostname="vasya" id="0" name="ArrayCollectionIteratorTest" package="antlaba.testsrc" skipped="0" tests="4" time="0.139" timestamp="2016-05-04T17:05:57">
      <properties>
[...]
</properties>

      <testcase classname="antlaba.testsrc.ArrayCollectionIteratorTest" name="testNext" time="0.109" />

      <testcase classname="antlaba.testsrc.ArrayCollectionIteratorTest" name="testNoSuchElementException" time="0.001" />

      <testcase classname="antlaba.testsrc.ArrayCollectionIteratorTest" name="testRemove" time="0.0" />

      <testcase classname="antlaba.testsrc.ArrayCollectionIteratorTest" name="testConcurrentModificationException" time="0.0" />

      <system-out><![CDATA[]]></system-out>

      <system-err><![CDATA[]]></system-err>

  </testsuite>
  <testsuite errors="0" failures="0" hostname="vasya" id="1" name="ArrayCollectionTest" package="antlaba.testsrc" skipped="0" tests="16" time="0.157" timestamp="2016-05-04T17:05:58">
      <properties>
[...]
</properties>

      <testcase classname="antlaba.testsrc.ArrayCollectionTest" name="shouldThrowIllegalArgExcWhenTryEnterNegativeCapacity" time="0.113" />

      <testcase classname="antlaba.testsrc.ArrayCollectionTest" name="shouldThrowNullPointerExcWhenTryToSetNullArray" time="0.0" />

      <testcase classname="antlaba.testsrc.ArrayCollectionTest" name="containsShouldWorkProperly" time="0.0" />

      <testcase classname="antlaba.testsrc.ArrayCollectionTest" name="shouldBeEqualsToAddedArray" time="0.001" />

      <testcase classname="antlaba.testsrc.ArrayCollectionTest" name="testToThisArray" time="0.0" />

      <testcase classname="antlaba.testsrc.ArrayCollectionTest" name="testGetArray" time="0.0" />

      <testcase classname="antlaba.testsrc.ArrayCollectionTest" name="testRetainAll" time="0.0" />

      <testcase classname="antlaba.testsrc.ArrayCollectionTest" name="sizeShouldBeZeroAfterClear" time="0.001" />

      <testcase classname="antlaba.testsrc.ArrayCollectionTest" name="shouldProvideAddingOfNullObject" time="0.0" />

      <testcase classname="antlaba.testsrc.ArrayCollectionTest" name="testContains" time="0.0" />

      <testcase classname="antlaba.testsrc.ArrayCollectionTest" name="shouldReturn1AfterAddingOneElement" time="0.001" />

      <testcase classname="antlaba.testsrc.ArrayCollectionTest" name="shouldThrowIllegalArgExcForAddItself" time="0.0" />

      <testcase classname="antlaba.testsrc.ArrayCollectionTest" name="testIndexOf" time="0.0" />

      <testcase classname="antlaba.testsrc.ArrayCollectionTest" name="testIsEmpty" time="0.001" />

      <testcase classname="antlaba.testsrc.ArrayCollectionTest" name="testRemove" time="0.0" />

      <testcase classname="antlaba.testsrc.ArrayCollectionTest" name="testSetArray" time="0.001" />

      <system-out><![CDATA[]]></system-out>

      <system-err><![CDATA[]]></system-err>

  </testsuite>
</testsuites>
